2026-01-28 19:57:28,245 [INFO] ファイル受信: raw_1769597848_稲葉曇『ラグトレイン』Vo._歌愛ユキ.mp4
2026-01-28 19:57:28,346 [INFO] ノイズ・プール作成中: 1920x1080 - 15枚
2026-01-28 19:57:28,409 [INFO] ストリーミング開始: uploads\raw_1769597848_稲葉曇『ラグトレイン』Vo._歌愛ユキ.mp4
2026-01-28 19:57:39,310 [INFO] ノイズ・プール作成中: 1920x1080 - 30枚
2026-01-28 19:57:39,436 [INFO] 高速処理タスク開始: uploads\raw_1769597848_稲葉曇『ラグトレイン』Vo._歌愛ユキ.mp4
2026-01-28 20:01:11,577 [INFO] 🚀 NITRO MODE: エンジン全開で回します
2026-01-28 20:51:33,777 [ERROR] Exception in callback _ProactorBasePipeTransport._call_connection_lost(None)
handle: <Handle _ProactorBasePipeTransport._call_connection_lost(None)>
Traceback (most recent call last):
  File "C:\Users\tanak\anaconda3\Lib\asyncio\events.py", line 88, in _run
    self._context.run(self._callback, *self._args)
  File "C:\Users\tanak\anaconda3\Lib\asyncio\proactor_events.py", line 165, in _call_connection_lost
    self._sock.shutdown(socket.SHUT_RDWR)
ConnectionResetError: [WinError 10054] 既存の接続はリモート ホストに強制的に切断されました。
2026-01-28 20:51:33,817 [ERROR] Exception in callback _ProactorBasePipeTransport._call_connection_lost(None)
handle: <Handle _ProactorBasePipeTransport._call_connection_lost(None)>
Traceback (most recent call last):
  File "C:\Users\tanak\anaconda3\Lib\asyncio\events.py", line 88, in _run
    self._context.run(self._callback, *self._args)
  File "C:\Users\tanak\anaconda3\Lib\asyncio\proactor_events.py", line 165, in _call_connection_lost
    self._sock.shutdown(socket.SHUT_RDWR)
ConnectionResetError: [WinError 10054] 既存の接続はリモート ホストに強制的に切断されました。
2026-01-28 20:51:33,831 [ERROR] Exception in callback _ProactorBasePipeTransport._call_connection_lost(None)
handle: <Handle _ProactorBasePipeTransport._call_connection_lost(None)>
Traceback (most recent call last):
  File "C:\Users\tanak\anaconda3\Lib\asyncio\events.py", line 88, in _run
    self._context.run(self._callback, *self._args)
  File "C:\Users\tanak\anaconda3\Lib\asyncio\proactor_events.py", line 165, in _call_connection_lost
    self._sock.shutdown(socket.SHUT_RDWR)
ConnectionResetError: [WinError 10054] 既存の接続はリモート ホストに強制的に切断されました。
2026-01-28 20:52:14,164 [INFO] 🚀 NITRO MODE: エンジン全開で回します
2026-01-28 21:00:22,615 [INFO] 🚀 LIMIT BREAK: 1920p -> 1280p に最適化して爆走します (全3777フレーム)
2026-01-28 21:00:23,620 [INFO] 📊 進捗: 1.3% (50/3777)
2026-01-28 21:00:24,633 [INFO] 📊 進捗: 2.7% (101/3777)
2026-01-28 21:00:25,647 [INFO] 📊 進捗: 4.0% (152/3777)
2026-01-28 21:00:26,655 [INFO] 📊 進捗: 5.3% (202/3777)
2026-01-28 21:00:27,669 [INFO] 📊 進捗: 6.6% (249/3777)
2026-01-28 21:00:28,671 [INFO] 📊 進捗: 7.9% (298/3777)
2026-01-28 21:00:29,688 [INFO] 📊 進捗: 9.3% (353/3777)
2026-01-28 21:00:30,703 [INFO] 📊 進捗: 10.8% (409/3777)
2026-01-28 21:00:31,710 [INFO] 📊 進捗: 12.4% (467/3777)
2026-01-28 21:00:32,719 [INFO] 📊 進捗: 13.9% (524/3777)
2026-01-28 21:00:33,719 [INFO] 📊 進捗: 15.3% (577/3777)
2026-01-28 21:00:34,740 [INFO] 📊 進捗: 16.7% (629/3777)
2026-01-28 21:00:35,751 [INFO] 📊 進捗: 17.8% (673/3777)
2026-01-28 21:00:36,755 [INFO] 📊 進捗: 19.2% (725/3777)
2026-01-28 21:00:37,772 [INFO] 📊 進捗: 20.6% (777/3777)
2026-01-28 21:00:38,786 [INFO] 📊 進捗: 21.7% (820/3777)
2026-01-28 21:00:39,795 [INFO] 📊 進捗: 23.3% (880/3777)
2026-01-28 21:00:40,800 [INFO] 📊 進捗: 24.9% (941/3777)
2026-01-28 21:00:41,814 [INFO] 📊 進捗: 26.4% (997/3777)
2026-01-28 21:00:42,822 [INFO] 📊 進捗: 28.0% (1056/3777)
2026-01-28 21:00:43,840 [INFO] 📊 進捗: 29.4% (1110/3777)
2026-01-28 21:00:44,862 [INFO] 📊 進捗: 30.8% (1165/3777)
2026-01-28 21:00:45,874 [INFO] 📊 進捗: 32.2% (1217/3777)
2026-01-28 21:00:46,889 [INFO] 📊 進捗: 33.5% (1267/3777)
2026-01-28 21:00:47,898 [INFO] 📊 進捗: 35.0% (1323/3777)
2026-01-28 21:00:48,927 [INFO] 📊 進捗: 36.1% (1364/3777)
2026-01-28 21:00:49,938 [INFO] 📊 進捗: 37.6% (1420/3777)
2026-01-28 21:00:50,954 [INFO] 📊 進捗: 38.9% (1468/3777)
2026-01-28 21:00:51,966 [INFO] 📊 進捗: 40.3% (1523/3777)
2026-01-28 21:00:52,992 [INFO] 📊 進捗: 41.6% (1573/3777)
2026-01-28 21:00:53,997 [INFO] 📊 進捗: 42.9% (1619/3777)
2026-01-28 21:00:55,010 [INFO] 📊 進捗: 44.1% (1666/3777)
2026-01-28 21:00:56,022 [INFO] 📊 進捗: 45.6% (1722/3777)
2026-01-28 21:00:57,037 [INFO] 📊 進捗: 47.1% (1778/3777)
2026-01-28 21:00:58,051 [INFO] 📊 進捗: 48.7% (1839/3777)
2026-01-28 21:00:59,062 [INFO] 📊 進捗: 50.4% (1902/3777)
2026-01-28 21:01:00,068 [INFO] 📊 進捗: 51.9% (1960/3777)
2026-01-28 21:01:01,083 [INFO] 📊 進捗: 53.4% (2017/3777)
2026-01-28 21:01:02,087 [INFO] 📊 進捗: 54.9% (2074/3777)
2026-01-28 21:01:03,098 [INFO] 📊 進捗: 56.6% (2136/3777)
2026-01-28 21:01:04,112 [INFO] 📊 進捗: 58.2% (2198/3777)
2026-01-28 21:01:05,121 [INFO] 📊 進捗: 59.7% (2255/3777)
2026-01-28 21:01:06,122 [INFO] 📊 進捗: 61.2% (2313/3777)
2026-01-28 21:01:07,135 [INFO] 📊 進捗: 62.9% (2374/3777)
2026-01-28 21:01:08,145 [INFO] 📊 進捗: 64.4% (2431/3777)
2026-01-28 21:01:09,146 [INFO] 📊 進捗: 65.9% (2488/3777)
2026-01-28 21:01:10,148 [INFO] 📊 進捗: 67.3% (2543/3777)
2026-01-28 21:01:11,164 [INFO] 📊 進捗: 69.0% (2607/3777)
2026-01-28 21:01:12,169 [INFO] 📊 進捗: 70.5% (2662/3777)
2026-01-28 21:01:13,181 [INFO] 📊 進捗: 72.0% (2720/3777)
2026-01-28 21:01:14,194 [INFO] 📊 進捗: 73.4% (2773/3777)
2026-01-28 21:01:15,205 [INFO] 📊 進捗: 74.8% (2826/3777)
2026-01-28 21:01:16,211 [INFO] 📊 進捗: 76.2% (2878/3777)
2026-01-28 21:01:17,220 [INFO] 📊 進捗: 77.6% (2931/3777)
2026-01-28 21:01:18,234 [INFO] 📊 進捗: 79.0% (2984/3777)
2026-01-28 21:01:19,243 [INFO] 📊 進捗: 80.4% (3037/3777)
2026-01-28 21:01:20,250 [INFO] 📊 進捗: 81.8% (3089/3777)
2026-01-28 21:01:21,274 [INFO] 📊 進捗: 83.4% (3151/3777)
2026-01-28 21:01:22,285 [INFO] 📊 進捗: 84.9% (3207/3777)
2026-01-28 21:01:23,285 [INFO] 📊 進捗: 86.4% (3264/3777)
2026-01-28 21:01:24,296 [INFO] 📊 進捗: 87.8% (3318/3777)
2026-01-28 21:01:25,305 [INFO] 📊 進捗: 89.1% (3365/3777)
2026-01-28 21:01:26,310 [INFO] 📊 進捗: 90.7% (3425/3777)
2026-01-28 21:01:27,319 [INFO] 📊 進捗: 92.1% (3478/3777)
2026-01-28 21:01:28,330 [INFO] 📊 進捗: 93.7% (3538/3777)
2026-01-28 21:01:29,347 [INFO] 📊 進捗: 95.7% (3613/3777)
2026-01-28 21:01:30,348 [INFO] 📊 進捗: 97.4% (3679/3777)
2026-01-28 21:01:31,352 [INFO] 📊 進捗: 99.3% (3751/3777)
2026-01-28 21:02:05,900 [INFO] 🚀 LIMIT BREAK: 1920p -> 1280p に最適化して爆走します (全3777フレーム)
2026-01-28 21:02:06,920 [INFO] 📊 進捗: 1.4% (51/3777)
2026-01-28 21:02:07,929 [INFO] 📊 進捗: 2.6% (100/3777)
2026-01-28 21:02:08,931 [INFO] 📊 進捗: 4.0% (151/3777)
2026-01-28 21:02:09,948 [INFO] 📊 進捗: 5.2% (198/3777)
2026-01-28 21:02:10,967 [INFO] 📊 進捗: 6.5% (246/3777)
2026-01-28 21:02:11,972 [INFO] 📊 進捗: 7.9% (297/3777)
2026-01-28 21:02:12,984 [INFO] 📊 進捗: 9.4% (355/3777)
2026-01-28 21:02:13,985 [INFO] 📊 進捗: 11.0% (417/3777)
2026-01-28 21:02:15,000 [INFO] 📊 進捗: 12.6% (476/3777)
2026-01-28 21:02:16,005 [INFO] 📊 進捗: 14.2% (537/3777)
2026-01-28 21:02:17,020 [INFO] 📊 進捗: 15.7% (593/3777)
2026-01-28 21:02:18,026 [INFO] 📊 進捗: 17.1% (647/3777)
2026-01-28 21:02:19,033 [INFO] 📊 進捗: 18.5% (697/3777)
2026-01-28 21:02:20,035 [INFO] 📊 進捗: 20.3% (765/3777)
2026-01-28 21:02:21,035 [INFO] 📊 進捗: 22.0% (832/3777)
2026-01-28 21:02:22,037 [INFO] 📊 進捗: 23.8% (898/3777)
2026-01-28 21:02:23,050 [INFO] 📊 進捗: 25.6% (968/3777)
2026-01-28 21:02:24,057 [INFO] 📊 進捗: 27.4% (1034/3777)
2026-01-28 21:02:25,064 [INFO] 📊 進捗: 29.1% (1098/3777)
2026-01-28 21:02:26,069 [INFO] 📊 進捗: 30.7% (1161/3777)
2026-01-28 21:02:27,080 [INFO] 📊 進捗: 32.2% (1218/3777)
2026-01-28 21:02:28,082 [INFO] 📊 進捗: 33.7% (1272/3777)
2026-01-28 21:02:29,089 [INFO] 📊 進捗: 35.2% (1331/3777)
2026-01-28 21:02:30,095 [INFO] 📊 進捗: 36.6% (1381/3777)
2026-01-28 21:02:31,122 [INFO] 📊 進捗: 38.1% (1439/3777)
2026-01-28 21:02:32,127 [INFO] 📊 進捗: 39.7% (1498/3777)
2026-01-28 21:02:33,130 [INFO] 📊 進捗: 41.1% (1554/3777)
2026-01-28 21:02:34,134 [INFO] 📊 進捗: 42.4% (1601/3777)
2026-01-28 21:02:35,152 [INFO] 📊 進捗: 43.7% (1651/3777)
2026-01-28 21:02:36,160 [INFO] 📊 進捗: 45.2% (1709/3777)
2026-01-28 21:02:37,174 [INFO] 📊 進捗: 46.8% (1768/3777)
2026-01-28 21:02:38,191 [INFO] 📊 進捗: 48.2% (1821/3777)
2026-01-28 21:02:39,208 [INFO] 📊 進捗: 49.8% (1882/3777)
2026-01-28 21:02:40,221 [INFO] 📊 進捗: 51.4% (1942/3777)
2026-01-28 21:02:41,237 [INFO] 📊 進捗: 52.9% (1998/3777)
2026-01-28 21:02:42,250 [INFO] 📊 進捗: 54.4% (2055/3777)
2026-01-28 21:02:43,253 [INFO] 📊 進捗: 56.0% (2114/3777)
2026-01-28 21:02:44,260 [INFO] 📊 進捗: 57.6% (2175/3777)
2026-01-28 21:02:45,274 [INFO] 📊 進捗: 59.1% (2233/3777)
2026-01-28 21:02:46,281 [INFO] 📊 進捗: 60.6% (2289/3777)
2026-01-28 21:02:47,283 [INFO] 📊 進捗: 62.1% (2347/3777)
2026-01-28 21:02:48,301 [INFO] 📊 進捗: 63.8% (2408/3777)
2026-01-28 21:02:49,302 [INFO] 📊 進捗: 65.2% (2463/3777)
2026-01-28 21:02:50,320 [INFO] 📊 進捗: 66.5% (2510/3777)
2026-01-28 21:02:51,338 [INFO] 📊 進捗: 67.9% (2564/3777)
2026-01-28 21:02:52,364 [INFO] 📊 進捗: 69.2% (2613/3777)
2026-01-28 21:02:53,369 [INFO] 📊 進捗: 70.7% (2670/3777)
2026-01-28 21:02:54,375 [INFO] 📊 進捗: 72.1% (2725/3777)
2026-01-28 21:02:55,381 [INFO] 📊 進捗: 73.5% (2777/3777)
2026-01-28 21:02:56,396 [INFO] 📊 進捗: 74.8% (2827/3777)
2026-01-28 21:02:57,411 [INFO] 📊 進捗: 76.2% (2879/3777)
2026-01-28 21:02:58,418 [INFO] 📊 進捗: 77.6% (2931/3777)
2026-01-28 21:02:59,423 [INFO] 📊 進捗: 79.0% (2984/3777)
2026-01-28 21:03:00,432 [INFO] 📊 進捗: 80.4% (3037/3777)
2026-01-28 21:03:01,438 [INFO] 📊 進捗: 81.8% (3090/3777)
2026-01-28 21:03:02,458 [INFO] 📊 進捗: 83.5% (3152/3777)
2026-01-28 21:03:03,472 [INFO] 📊 進捗: 85.0% (3211/3777)
2026-01-28 21:03:04,483 [INFO] 📊 進捗: 86.5% (3268/3777)
2026-01-28 21:03:07,731 [INFO] 📊 進捗: 87.9% (3321/3777)
2026-01-28 21:03:08,744 [INFO] 📊 進捗: 89.2% (3369/3777)
2026-01-28 21:03:09,750 [INFO] 📊 進捗: 90.8% (3431/3777)
2026-01-28 21:03:10,753 [INFO] 📊 進捗: 92.2% (3484/3777)
2026-01-28 21:03:11,759 [INFO] 📊 進捗: 93.9% (3545/3777)
2026-01-28 21:03:12,766 [INFO] 📊 進捗: 95.9% (3622/3777)
2026-01-28 21:03:13,768 [INFO] 📊 進捗: 97.5% (3681/3777)
2026-01-28 21:03:14,777 [INFO] 📊 進捗: 99.5% (3757/3777)
